<?xml version="1.0" encoding="UTF-8"?>
<!-- Generated by org.testng.reporters.JUnitReportReporter -->
<testsuite skipped="0" hostname="Rizwan" name="parellelExecutionTest.ParellelTest" tests="2" failures="0" timestamp="22 Oct 2017 06:27:42 GMT" time="80.961" errors="0">
  <testcase name="bing" time="40.262" classname="parellelExecutionTest.ParellelTest"/>
  <testcase name="bing" time="40.699" classname="parellelExecutionTest.ParellelTest"/>
</testsuite> <!-- parellelExecutionTest.ParellelTest -->
