<?xml version="1.0" encoding="UTF-8"?>
<!-- Generated by org.testng.reporters.JUnitReportReporter -->
<testsuite skipped="0" hostname="Rizwan" name="parameterizationTest.SingleDataProviderTest" tests="3" failures="0" timestamp="21 Oct 2017 06:04:16 GMT" time="0.015" errors="0">
  <testcase name="logintest" time="0.012" classname="parameterizationTest.SingleDataProviderTest"/>
  <testcase name="logintest" time="0.002" classname="parameterizationTest.SingleDataProviderTest"/>
  <testcase name="logintest" time="0.001" classname="parameterizationTest.SingleDataProviderTest"/>
</testsuite> <!-- parameterizationTest.SingleDataProviderTest -->
