<?xml version="1.0" encoding="UTF-8"?>
<!-- Generated by org.testng.reporters.JUnitReportReporter -->
<testsuite skipped="0" hostname="Rizwan" name="annotationTest.BeforeClassTest" tests="4" failures="0" timestamp="15 Oct 2017 06:36:10 GMT" time="0.019" errors="0">
  <testcase name="logintest" time="0.010" classname="annotationTest.BeforeClassTest"/>
  <testcase name="registrationtest" time="0.004" classname="annotationTest.BeforeClassTest"/>
  <testcase name="bookingtest" time="0.004" classname="annotationTest.BeforeClassTest"/>
  <testcase name="canceltest" time="0.001" classname="annotationTest.BeforeClassTest"/>
</testsuite> <!-- annotationTest.BeforeClassTest -->
