<?xml version="1.0" encoding="UTF-8"?>
<!-- Generated by org.testng.reporters.JUnitReportReporter -->
<testsuite skipped="1" hostname="Rizwan" name="keywordTest.SkipTest" tests="4" failures="0" timestamp="15 Oct 2017 05:23:28 GMT" time="0.018" errors="0">
  <testcase name="logintest" time="0.015" classname="keywordTest.SkipTest"/>
  <testcase name="bookingtest" time="0.002" classname="keywordTest.SkipTest"/>
  <testcase name="canceltest" time="0.001" classname="keywordTest.SkipTest"/>
  <testcase name="registrationtest" classname="keywordTest.SkipTest">
    <skipped/>
  </testcase> <!-- registrationtest -->
</testsuite> <!-- keywordTest.SkipTest -->
