<?xml version="1.0" encoding="UTF-8"?>
<!-- Generated by org.testng.reporters.JUnitReportReporter -->
<testsuite skipped="0" hostname="Rizwan" name="keywordTest.LogTest" tests="4" failures="0" timestamp="15 Oct 2017 05:51:45 GMT" time="0.027" errors="0">
  <testcase name="logintest" time="0.017" classname="keywordTest.LogTest"/>
  <testcase name="registrationtest" time="0.002" classname="keywordTest.LogTest"/>
  <testcase name="bookingtest" time="0.005" classname="keywordTest.LogTest"/>
  <testcase name="canceltest" time="0.003" classname="keywordTest.LogTest"/>
</testsuite> <!-- keywordTest.LogTest -->
