<?xml version="1.0" encoding="UTF-8"?>
<!-- Generated by org.testng.reporters.JUnitReportReporter -->
<testsuite skipped="0" hostname="Rizwan" name="groupTest.GroupTest" tests="6" failures="0" timestamp="22 Oct 2017 05:46:10 GMT" time="0.021" errors="0">
  <testcase name="logintest" time="0.012" classname="groupTest.GroupTest"/>
  <testcase name="logintest" time="0.001" classname="groupTest.GroupTest"/>
  <testcase name="registrationetest" time="0.002" classname="groupTest.GroupTest"/>
  <testcase name="bookingtest" time="0.002" classname="groupTest.GroupTest"/>
  <testcase name="bookingtest" time="0.002" classname="groupTest.GroupTest"/>
  <testcase name="canceltest" time="0.002" classname="groupTest.GroupTest"/>
</testsuite> <!-- groupTest.GroupTest -->
