<?xml version="1.0" encoding="UTF-8"?>
<!-- Generated by org.testng.reporters.JUnitReportReporter -->
<testsuite skipped="0" hostname="Rizwan" name="parameterizationTest.MultiTestSingleDataProviderTest" tests="6" failures="0" timestamp="21 Oct 2017 06:19:12 GMT" time="0.034" errors="0">
  <testcase name="logintest" time="0.004" classname="parameterizationTest.MultiTestSingleDataProviderTest"/>
  <testcase name="logintest" time="0.015" classname="parameterizationTest.MultiTestSingleDataProviderTest"/>
  <testcase name="logintest" time="0.007" classname="parameterizationTest.MultiTestSingleDataProviderTest"/>
  <testcase name="BookingTest" time="0.002" classname="parameterizationTest.MultiTestSingleDataProviderTest"/>
  <testcase name="BookingTest" time="0.005" classname="parameterizationTest.MultiTestSingleDataProviderTest"/>
  <testcase name="BookingTest" time="0.001" classname="parameterizationTest.MultiTestSingleDataProviderTest"/>
</testsuite> <!-- parameterizationTest.MultiTestSingleDataProviderTest -->
