<?xml version="1.0" encoding="UTF-8"?>
<!-- Generated by org.testng.reporters.JUnitReportReporter -->
<testsuite skipped="0" hostname="Rizwan" name="keywordTest.SampleTest" tests="4" failures="0" timestamp="14 Oct 2017 09:01:52 GMT" time="0.016" errors="0">
  <testcase name="registrationetest" time="0.012" classname="keywordTest.SampleTest"/>
  <testcase name="logintest" time="0.001" classname="keywordTest.SampleTest"/>
  <testcase name="bookingtest" time="0.002" classname="keywordTest.SampleTest"/>
  <testcase name="canceltest" time="0.001" classname="keywordTest.SampleTest"/>
</testsuite> <!-- keywordTest.SampleTest -->
