<?xml version="1.0" encoding="UTF-8"?>
<!-- Generated by org.testng.reporters.JUnitReportReporter -->
<testsuite skipped="0" hostname="Rizwan" name="annotationTest.BeforeTestTest" tests="4" failures="0" timestamp="15 Oct 2017 06:39:44 GMT" time="0.020" errors="0">
  <testcase name="logintest" time="0.007" classname="annotationTest.BeforeTestTest"/>
  <testcase name="registrationtest" time="0.003" classname="annotationTest.BeforeTestTest"/>
  <testcase name="bookingtest" time="0.005" classname="annotationTest.BeforeTestTest"/>
  <testcase name="canceltest" time="0.005" classname="annotationTest.BeforeTestTest"/>
</testsuite> <!-- annotationTest.BeforeTestTest -->
