<?xml version="1.0" encoding="UTF-8"?>
<!-- Generated by org.testng.reporters.JUnitReportReporter -->
<testsuite skipped="0" hostname="Rizwan" name="keywordTest.DependsOnTest" tests="1" failures="0" timestamp="22 Oct 2017 05:43:40 GMT" time="0.002" errors="0">
  <testcase name="logintest" time="0.002" classname="keywordTest.DependsOnTest"/>
</testsuite> <!-- keywordTest.DependsOnTest -->
