<?xml version="1.0" encoding="UTF-8"?>
<!-- Generated by org.testng.reporters.JUnitReportReporter -->
<testsuite skipped="0" hostname="Rizwan" name="annotationTest.BeforeMethodTest" tests="4" failures="0" timestamp="15 Oct 2017 06:29:48 GMT" time="0.022" errors="0">
  <testcase name="logintest" time="0.007" classname="annotationTest.BeforeMethodTest"/>
  <testcase name="registrationtest" time="0.002" classname="annotationTest.BeforeMethodTest"/>
  <testcase name="bookingtest" time="0.003" classname="annotationTest.BeforeMethodTest"/>
  <testcase name="canceltest" time="0.010" classname="annotationTest.BeforeMethodTest"/>
</testsuite> <!-- annotationTest.BeforeMethodTest -->
