<?xml version="1.0" encoding="UTF-8"?>
<!-- Generated by org.testng.reporters.JUnitReportReporter -->
<testsuite skipped="0" hostname="Rizwan" name="parameterizationTest.MultiDataProviderTest" tests="6" failures="0" timestamp="21 Oct 2017 06:03:12 GMT" time="0.024" errors="0">
  <testcase name="logintest" time="0.002" classname="parameterizationTest.MultiDataProviderTest"/>
  <testcase name="logintest" time="0.012" classname="parameterizationTest.MultiDataProviderTest"/>
  <testcase name="logintest" time="0.002" classname="parameterizationTest.MultiDataProviderTest"/>
  <testcase name="BookingTest" time="0.002" classname="parameterizationTest.MultiDataProviderTest"/>
  <testcase name="BookingTest" time="0.004" classname="parameterizationTest.MultiDataProviderTest"/>
  <testcase name="BookingTest" time="0.002" classname="parameterizationTest.MultiDataProviderTest"/>
</testsuite> <!-- parameterizationTest.MultiDataProviderTest -->
