<?xml version="1.0" encoding="UTF-8"?>
<!-- Generated by org.testng.reporters.JUnitReportReporter -->
<testsuite skipped="1" hostname="Rizwan" name="keywordTest.SingleDataProviderTest" tests="1" failures="0" timestamp="21 Oct 2017 05:49:34 GMT" time="0.000" errors="0">
  <testcase name="logintest" time="0.000" classname="keywordTest.SingleDataProviderTest">
    <skipped/>
  </testcase> <!-- logintest -->
</testsuite> <!-- keywordTest.SingleDataProviderTest -->
