<?xml version="1.0" encoding="UTF-8"?>
<!-- Generated by org.testng.reporters.JUnitReportReporter -->
<testsuite skipped="0" hostname="Rizwan" name="parameterizationTest.MultiTestSingleDataPageFactoryTest" tests="6" failures="0" timestamp="21 Oct 2017 06:41:40 GMT" time="0.024" errors="0">
  <testcase name="logintest" time="0.002" classname="parameterizationTest.MultiTestSingleDataPageFactoryTest"/>
  <testcase name="logintest" time="0.013" classname="parameterizationTest.MultiTestSingleDataPageFactoryTest"/>
  <testcase name="logintest" time="0.003" classname="parameterizationTest.MultiTestSingleDataPageFactoryTest"/>
  <testcase name="BookingTest" time="0.002" classname="parameterizationTest.MultiTestSingleDataPageFactoryTest"/>
  <testcase name="BookingTest" time="0.002" classname="parameterizationTest.MultiTestSingleDataPageFactoryTest"/>
  <testcase name="BookingTest" time="0.002" classname="parameterizationTest.MultiTestSingleDataPageFactoryTest"/>
</testsuite> <!-- parameterizationTest.MultiTestSingleDataPageFactoryTest -->
